[2021/11/13 15:41:10.017] Demo info: Open Bnc page
[2021/11/13 15:41:10.103] Demo info: Browser launched
[2021/11/13 15:41:10.175] Demo info: Browser newpage launched
[2021/11/13 15:41:13.070] Demo info: Voting launched
[2021/11/13 15:41:13.080] Demo info: Bnc, total links=15
[2021/11/13 15:41:13.082] Demo info: Bnc new article: https://www.binance.com/en/support/announcement/b5608a7f480b4348b8e29d6e7476c206
[2021/11/13 15:41:13.087] Demo info: {new vote} on Bnc https://www.binance.com/en/support/announcement/b5608a7f480b4348b8e29d6e7476c206
[2021/11/13 15:41:30.006] Demo info: Bnc running true
[2021/11/13 15:41:50.021] Demo info: Bnc running true
[2021/11/13 15:42:10.011] Demo info: Bnc running true
[2021/11/13 15:42:30.017] Demo info: Bnc running true
[2021/11/13 15:42:50.010] Demo info: Bnc running true
[2021/11/13 15:43:10.009] Demo info: Bnc running true
[2021/11/13 15:43:30.020] Demo info: Bnc running true
[2021/11/13 15:43:50.021] Demo info: Bnc running true
[2021/11/13 15:44:10.007] Demo info: Bnc running true
[2021/11/13 15:44:30.018] Demo info: Bnc running true
[2021/11/13 15:44:50.014] Demo info: Bnc running true
[2021/11/13 15:45:10.014] Demo info: Bnc running true
[2021/11/13 15:45:30.010] Demo info: Bnc running true
[2021/11/13 15:45:50.014] Demo info: Bnc running true
[2021/11/13 15:46:10.006] Demo info: Bnc running true
[2021/11/13 15:46:30.017] Demo info: Bnc running true
[2021/11/13 15:46:50.021] Demo info: Bnc running true
[2021/11/13 15:47:10.020] Demo info: Bnc running true
[2021/11/13 15:47:30.008] Demo info: Bnc running true
[2021/11/13 15:47:50.008] Demo info: Bnc running true
[2021/11/13 15:48:10.008] Demo info: Bnc running true
[2021/11/13 15:48:30.011] Demo info: Bnc running true
[2021/11/13 15:48:50.009] Demo info: Bnc running true
[2021/11/13 15:49:10.009] Demo info: Bnc running true
[2021/11/13 15:49:30.015] Demo info: Bnc running true
[2021/11/13 15:49:50.009] Demo info: Bnc running true
[2021/11/13 15:50:10.012] Demo info: Bnc running true
[2021/11/13 15:50:30.007] Demo info: Bnc running true
[2021/11/13 15:50:50.012] Demo info: Bnc running true
[2021/11/13 15:51:10.010] Demo info: Bnc running true
[2021/11/13 15:51:30.016] Demo info: Bnc running true
[2021/11/13 15:51:50.012] Demo info: Bnc running true
[2021/11/13 15:52:10.009] Demo info: Bnc running true
[2021/11/13 15:52:30.015] Demo info: Bnc running true
[2021/11/13 15:52:50.019] Demo info: Bnc running true
[2021/11/13 15:53:10.014] Demo info: Bnc running true
[2021/11/13 15:53:30.015] Demo info: Bnc running true
[2021/11/13 15:53:50.014] Demo info: Bnc running true
[2021/11/13 15:54:10.010] Demo info: Bnc running true
[2021/11/13 15:54:30.013] Demo info: Bnc running true
[2021/11/13 15:54:50.020] Demo info: Bnc running true
[2021/11/13 15:55:10.019] Demo info: Bnc running true
[2021/11/13 15:55:30.010] Demo info: Bnc running true
[2021/11/13 15:55:50.018] Demo info: Bnc running true
[2021/11/13 15:56:10.009] Demo info: Bnc running true
[2021/11/13 15:56:30.006] Demo info: Bnc running true
[2021/11/13 15:56:50.014] Demo info: Bnc running true
[2021/11/13 15:57:10.012] Demo info: Bnc running true
[2021/11/13 15:57:30.011] Demo info: Bnc running true
[2021/11/13 15:57:50.004] Demo info: Bnc running true
[2021/11/13 15:58:10.016] Demo info: Bnc running true
[2021/11/13 15:58:30.018] Demo info: Bnc running true
[2021/11/13 15:58:50.010] Demo info: Bnc running true
[2021/11/13 15:59:10.010] Demo info: Bnc running true
[2021/11/13 15:59:30.006] Demo info: Bnc running true
[2021/11/13 15:59:50.008] Demo info: Bnc running true
[2021/11/13 16:00:10.009] Demo info: Bnc running true
[2021/11/13 16:00:30.010] Demo info: Bnc running true
[2021/11/13 16:00:50.012] Demo info: Bnc running true
[2021/11/13 16:01:10.007] Demo info: Bnc running true
[2021/11/13 16:01:30.006] Demo info: Bnc running true
[2021/11/13 16:01:50.008] Demo info: Bnc running true
[2021/11/13 16:02:10.018] Demo info: Bnc running true
[2021/11/13 16:02:30.010] Demo info: Bnc running true
[2021/11/13 16:02:50.007] Demo info: Bnc running true
[2021/11/13 16:03:10.017] Demo info: Bnc running true
[2021/11/13 16:03:30.017] Demo info: Bnc running true
[2021/11/13 16:03:50.016] Demo info: Bnc running true
[2021/11/13 16:04:10.018] Demo info: Bnc running true
[2021/11/13 16:04:30.001] Demo info: Bnc running true
[2021/11/13 16:04:50.004] Demo info: Bnc running true
[2021/11/13 16:05:10.015] Demo info: Bnc running true
[2021/11/13 16:05:30.012] Demo info: Bnc running true
[2021/11/13 16:05:50.001] Demo info: Bnc running true
[2021/11/13 16:06:10.016] Demo info: Bnc running true
[2021/11/13 16:06:30.008] Demo info: Bnc running true
[2021/11/13 16:06:50.011] Demo info: Bnc running true
[2021/11/13 16:07:10.005] Demo info: Bnc running true
[2021/11/13 16:07:30.014] Demo info: Bnc running true
[2021/11/13 16:07:50.008] Demo info: Bnc running true
[2021/11/13 16:08:10.004] Demo info: Bnc running true
[2021/11/13 16:08:30.014] Demo info: Bnc running true
[2021/11/13 16:08:50.008] Demo info: Bnc running true
[2021/11/13 16:09:10.014] Demo info: Bnc running true
[2021/11/13 16:09:30.016] Demo info: Bnc running true
[2021/11/13 16:09:50.014] Demo info: Bnc running true
[2021/11/13 16:10:10.009] Demo info: Bnc running true
[2021/11/13 16:10:30.016] Demo info: Bnc running true
[2021/11/13 16:10:50.006] Demo info: Bnc running true
[2021/11/13 16:11:10.012] Demo info: Bnc running true
[2021/11/13 16:11:30.004] Demo info: Bnc running true
[2021/11/13 16:11:50.015] Demo info: Bnc running true
[2021/11/13 16:12:10.005] Demo info: Bnc running true
[2021/11/13 16:12:30.017] Demo info: Bnc running true
[2021/11/13 16:12:50.014] Demo info: Bnc running true
[2021/11/13 16:13:10.007] Demo info: Bnc running true
[2021/11/13 16:13:30.012] Demo info: Bnc running true
[2021/11/13 16:13:50.015] Demo info: Bnc running true
[2021/11/13 16:14:10.009] Demo info: Bnc running true
[2021/11/13 16:14:30.014] Demo info: Bnc running true
[2021/11/13 16:14:50.002] Demo info: Bnc running true
[2021/11/13 16:15:10.019] Demo info: Bnc running true
[2021/11/13 16:15:30.011] Demo info: Bnc running true
[2021/11/13 16:15:50.013] Demo info: Bnc running true
[2021/11/13 16:16:10.005] Demo info: Bnc running true
[2021/11/13 16:16:30.008] Demo info: Bnc running true
[2021/11/13 16:16:50.017] Demo info: Open Bnc page
[2021/11/13 16:16:50.119] Demo info: Browser launched
[2021/11/13 16:16:50.184] Demo info: Browser newpage launched
[2021/11/13 16:16:53.013] Demo info: Voting launched
[2021/11/13 16:16:53.024] Demo info: Bnc, total links=15
[2021/11/13 16:18:30.016] Demo info: Open Bnc page
[2021/11/13 16:18:30.124] Demo info: Browser launched
[2021/11/13 16:18:30.189] Demo info: Browser newpage launched
[2021/11/13 16:18:33.005] Demo info: Voting launched
[2021/11/13 16:18:33.015] Demo info: Bnc, total links=15
[2021/11/13 17:12:10.011] Demo info: Open Bnc page
[2021/11/13 17:12:10.111] Demo info: Browser launched
[2021/11/13 17:12:10.188] Demo info: Browser newpage launched
[2021/11/13 17:12:13.012] Demo info: Voting launched
[2021/11/13 17:12:13.039] Demo info: Bnc, total links=15
[2021/11/13 17:12:30.016] Demo info: Bnc running true
[2021/11/13 17:12:50.012] Demo info: Bnc running true
[2021/11/13 17:13:10.008] Demo info: Open Bnc page
[2021/11/13 17:13:10.105] Demo info: Browser launched
[2021/11/13 17:13:10.173] Demo info: Browser newpage launched
[2021/11/13 17:13:13.116] Demo info: Voting launched
[2021/11/13 17:13:13.126] Demo info: Bnc, total links=15
[2021/11/13 17:13:30.014] Demo info: Bnc running true
[2021/11/13 17:13:35.761] Demo info: Bnc new Listing: https://www.binance.com/en/support/announcement/6dcf651bba03484b87666d49474f8c07
[2021/11/13 17:17:30.015] Demo info: Open Bnc page
[2021/11/13 17:17:30.109] Demo info: Browser launched
[2021/11/13 17:17:30.177] Demo info: Browser newpage launched
[2021/11/13 17:17:33.012] Demo info: Voting launched
[2021/11/13 17:17:33.024] Demo info: Bnc, total links=15
[2021/11/13 17:17:33.028] Demo info: Bnc new Listing: https://www.binance.com/en/support/announcement/6dcf651bba03484b87666d49474f8c07
[2021/11/13 17:17:33.034] Demo info: ENS on Bnc https://www.binance.com/en/support/announcement/6dcf651bba03484b87666d49474f8c07
[2021/11/13 17:17:33.525] Demo info: found coin ENS on cmc, slug= ethereum-name-service
[2021/11/13 17:27:10.012] Demo info: Open Bnc page
[2021/11/13 17:27:10.114] Demo info: Browser launched
[2021/11/13 17:27:10.184] Demo info: Browser newpage launched
[2021/11/13 17:27:13.025] Demo info: Voting launched
[2021/11/13 17:27:13.036] Demo info: Bnc, total links=15
[2021/11/13 17:27:13.040] Demo info: Bnc new Listing: https://www.binance.com/en/support/announcement/6dcf651bba03484b87666d49474f8c07
[2021/11/13 17:27:13.046] Demo info: ENS on Bnc https://www.binance.com/en/support/announcement/6dcf651bba03484b87666d49474f8c07
[2021/11/13 17:27:13.500] Demo info: found coin ENS on cmc, slug= ethereum-name-service
