[2021/11/22 16:34:07.116] Demo info: Started
[2021/11/22 16:34:07.673] Demo info: curr fall coins: [14236,13283,13916,2990,14544,4257,12266,14566,14672,5024,14838,14869,9364,14910,2944,14718,14397,14350,13022,14373,7698,14384,14660,11062,14571,14482,14476,14641,14703,9819,2289,12346,1776,12736,1948,10498,14510,2364,5420,8566,12381,11822,14745,12784,14254,14198,10809,9148,14669,12373,12533,3798,14685,14744,10858,13727,14356,3631,14102,12590,14916,11560,12800,14365,14844,2398,9917,12796,14563,13518,8929,14146,377,13974,12605,11856,14646,14603,10414,9488,11129,10578,14826,12967,13881,5200,11728,3175,8849,10189,12886,14378,13687,5625,14620,13190,12895,14380,14565,4275]
[2021/11/22 16:47:05.659] Demo info: Started
[2021/11/22 16:47:06.296] Demo info: curr fall coins: [14236,13283,14544,13916,2990,12266,14566,14672,14373,14482,14838,9364,14869,14910,2944,5024,14718,14397,13022,14745,14384,14571,14660,11062,14641,14476,2364,14703,9819,13727,12346,7698,1776,1948,10498,14198,14510,5420,12381,14669,14254,12605,10809,14615,12784,12533,3798,9148,2289,14685,377,9917,14744,10858,14356,12373,13518,11560,3631,11822,14102,12590,5625,12796,14365,10414,14916,1706,14253,13687,13974,12886,14603,14563,12800,5200,11856,12895,14146,9488,13881,10578,3175,14109,14378,14826,10189,11129,12967,11728,14350,14620,2398,13190,14456,13668,2030,8929,14646,13624]
[2021/11/22 16:49:00.838] Demo info: Started
[2021/11/22 16:49:01.522] Demo info: curr fall coins: [14236,13283,14544,13916,2990,12266,14566,14672,14838,14373,14482,9364,14869,14910,2944,5024,14718,14397,13022,14745,14571,14384,14660,11062,14641,14476,7698,14703,9819,12346,13727,12733,12736,1776,10498,5625,2364,14510,10809,12381,14669,12605,14254,9148,14615,3798,12533,12784,14685,14744,2289,9917,14356,12373,13518,3631,10858,11560,11822,14102,1948,14198,14253,12796,14365,10414,14916,377,13687,12590,13974,14563,14603,12886,4003,14146,5200,9488,11129,10578,11856,3175,12800,10189,13881,14378,11728,14109,14350,14826,11374,12967,12895,14620,11708,13190,11969,14456,2030,8849]
[2021/11/22 16:51:00.570] Demo info: current fall coins: []
[2021/11/22 16:57:38.685] Demo info: Started
[2021/11/22 16:57:39.713] Demo info: curr fall coins: [14236,13283,14544,13916,2990,14482,14838,14373,14718,14672,14566,12266,9364,14869,14910,2944,5024,8566,13022,14397,14384,11062,14571,14660,7698,14745,11539,14703,14641,14476,13727,9819,1776,10498,12733,14510,5420,12346,2364,10809,14669,12381,2289,2030,12784,14254,14615,10414,12533,3798,14685,14744,12605,10858,9917,14356,12373,3631,14378,11560,11822,14102,1948,11374,9148,5625,12796,14365,13518,13687,14826,7676,14603,14844,14916,12886,14563,14146,13974,3175,11856,4293,4257,11129,14646,377,9488,12590,10578,12800,10189,11728,12967,12895,14620,13190,5200,8849,14456,13668]
[2021/11/22 16:58:14.260] Demo info: Started
[2021/11/22 16:58:14.781] Demo info: curr fall coins: [14236,13283,14544,13916,2990,14482,14838,14373,14718,14672,14566,12266,9364,14869,14910,2944,5024,8566,13022,14397,14384,11062,14571,14660,7698,14745,14703,14641,14476,13727,9819,2364,1776,10498,12733,12346,14510,5420,10809,12381,14669,2289,12784,10414,14254,14615,12533,3798,14685,14744,12605,10858,14378,9917,12373,11374,3631,14356,11560,14102,11822,1948,5625,12796,14365,9148,13518,3175,13687,14826,377,14603,7676,14844,14916,12886,4293,14146,13974,11856,14563,11129,4257,9488,2030,12590,10578,12800,10189,11728,12967,12895,14620,13190,5200,8849,14456,13668,13624,14647]
[2021/11/22 16:58:49.830] Demo info: Started
[2021/11/22 16:58:50.416] Demo info: curr fall coins: [14236,13283,14544,13916,2990,14482,14838,14373,14718,14672,14566,12266,9364,14869,14910,2944,5024,8566,13022,14397,14384,11062,14571,14660,7698,14745,14703,14641,14476,13727,9819,2364,1776,10498,12733,12346,14510,5420,10809,12381,14669,2289,12784,10414,14254,14615,12533,3798,14685,14744,12605,10858,14378,9917,12373,11374,3631,14356,11560,14102,11822,1948,5625,12796,14365,9148,13518,3175,13687,14826,377,14603,7676,14844,14916,12886,4293,14146,13974,11856,14563,11129,4257,9488,2030,12590,10578,12800,10189,11728,12967,12895,14620,13190,5200,8849,14456,13668,13624,14647]
[2021/11/22 16:59:49.669] Demo info: Started
[2021/11/22 16:59:50.271] Demo info: curr fall coins: [14236,13283,14544,13916,2990,14482,14373,14718,14838,14672,14566,12266,9364,14869,14910,2944,5024,8566,13022,14397,14384,11062,14571,14660,14703,14641,14745,7698,14476,13727,9819,1776,10498,12346,2364,9917,14510,5420,2289,10809,12381,14669,12733,10414,14254,12784,12533,14615,3798,14685,14744,12605,10858,5625,14378,11374,12373,3631,14356,11560,14102,3175,1948,12796,11822,14365,9148,13518,1706,13687,14826,14916,377,14603,12886,11129,7676,14844,14146,11856,13974,4257,14563,4293,2030,9488,12590,12800,10578,10189,11728,5200,13668,11746,14620,12967,13190,14456,13624,2398]
[2021/11/22 17:00:50.163] Demo info: Started
[2021/11/22 17:00:50.804] Demo info: curr fall coins: [14236,13283,14544,13916,2990,14482,14373,14718,14838,14672,14566,12266,9364,14869,14910,2944,5024,8566,13022,14397,14384,11062,14571,14660,14703,14641,14745,7698,14476,13727,9819,1776,10498,12346,9917,14510,5420,2364,2289,10809,12381,14669,12733,10414,14254,12784,12533,14615,3798,14685,14744,12605,10858,14378,11374,12373,5625,3631,14356,11560,14102,1948,12796,11822,9148,14365,3175,1706,13518,13687,14826,14916,14603,11129,12886,7676,14844,11856,14146,13974,14563,4257,9488,12590,2030,10578,12800,10189,11728,5200,11746,13668,14620,13190,12967,4293,14456,13624,14647,11148]
[2021/11/22 17:01:00.004] Demo info: Check for new falling
[2021/11/22 17:01:00.459] Demo info: current fall coins: []
[2021/11/22 17:02:54.191] Demo info: Started
[2021/11/22 17:02:54.804] Demo info: curr fall coins: [14236,13283,14544,13916,2990,14482,14838,14373,14718,14672,14566,12266,9364,14869,14910,2944,5024,8566,13022,14397,14384,11062,14571,14660,7698,14745,14703,14641,14476,13727,9819,2364,1776,10498,12733,12346,14510,5420,10809,12381,14669,2289,12784,10414,14254,14615,12533,3798,14685,14744,12605,10858,14378,9917,12373,11374,3631,14356,11560,14102,11822,1948,5625,12796,14365,9148,13518,3175,13687,14826,377,14603,7676,14844,14916,12886,4293,14146,13974,11856,14563,11129,4257,9488,2030,12590,10578,12800,10189,11728,12967,12895,14620,13190,5200,8849,14456,13668,13624,14647]
[2021/11/22 17:09:56.895] Demo info: Started
[2021/11/22 17:09:58.355] Demo info: curr fall coins: [14236,13283,14544,13916,14373,2990,12266,14482,14718,14838,14566,9364,14672,14869,14910,5024,8566,14397,13022,11062,14384,14571,14641,14745,14660,14703,7698,9819,2944,1776,14615,13727,9917,14510,10498,5420,12733,10809,14948,14669,12346,12381,11560,14137,14254,2289,10414,3175,3798,4293,14685,14744,12533,10858,12784,11374,14365,12373,1916,14826,3631,14476,14356,1948,2364,14102,14378,12796,5625,13687,14916,13518,14844,11822,14603,377,9148,2030,7676,13974,14146,14938,1706,11129,4257,14563,12590,9488,10189,12967,13668,12800,11728,11856,12886,14456,5200,14709,14620,13190]
[2021/11/22 17:11:00.020] Demo info: Check for new falling
[2021/11/22 17:11:00.551] Demo info: current {-10%,1h} coins: [14544,14482,14718,14869,11062,14571,14384,14641,14745,14703,7698,14615,9917,12381,12733,10809,14948,14669,11560,14137,2289,4293,10414,3798,3175,12533,11374,14365,14826,14102,14357,12796,5625,14378,14476,13687,14844,14603,11822,2030,7676,13974,14938,12800,13668,12886,5200,14456,14709]
[2021/11/22 17:14:02.532] Demo info: Started
[2021/11/22 17:14:03.331] Demo info: curr fall coins: [14236,13283,14544,13916,2990,14482,12266,9364,14718,14838,14566,14672,14869,14910,5024,8566,14373,13022,14397,11062,12736,14571,7698,14384,14641,14660,14703,14745,9819,2944,14357,1776,12346,14137,13727,14615,14510,10498,5420,11560,14948,10809,14669,12381,12733,4293,14254,14685,14744,10414,2289,12533,10858,12784,14365,12373,3631,3175,14356,14826,14102,12796,1948,14378,4003,14476,3798,2364,9917,14916,13518,14844,13687,11374,11822,5625,377,14603,13974,1706,7676,14146,11324,11129,14938,12590,4257,11856,12800,14563,12967,9148,13190,13668,9488,11728,11708,10189,12886,14456]
[2021/11/22 17:21:00.013] Demo info: Check for new falling
[2021/11/22 17:21:00.485] Demo info: current {-10%,1h} coins: [14544,13916,2990,14566,14838,14482,14718,14869,7698,11062,14571,14137,14641,14384,14703,14745,12346,14615,12381,10809,4293,14669,10414,3175,14356,5625,14365,14102,12733,377,12796,11560,14826,14938,13687,11374,2289,14844,11129,14146,13974,7676,11324,14603,14647,13668,14948,14456,12633,14198,14709,13352]
[2021/11/22 17:23:23.558] Demo info: Started
[2021/11/22 17:23:24.921] Demo info: curr fall coins: [14236,13283,13916,14544,2990,14566,14482,12266,14838,9364,14718,14672,14869,14910,14373,5024,8566,14571,13022,11062,14397,14745,7698,14137,14641,14703,14384,14660,9819,4293,2944,14615,1776,12381,13727,12346,14510,5420,10498,10809,14669,14254,10414,12733,14685,12533,14356,3175,14744,10858,377,12373,12784,14365,3631,14102,1948,11560,5625,12796,14826,13687,9917,2289,14476,11708,14916,14948,1706,11822,14844,14146,11129,11374,13974,14938,7676,11324,14603,11856,4257,12800,14647,13668,14563,2364,9148,11728,14456,10189,10578,5200,14620,14709,12886,12967,13518,12633,13267,13190]
[2021/11/22 17:31:00.038] Demo info: Check for new falling
[2021/11/22 17:31:00.515] Demo info: current {-10%,1h} coins: [14544,14482,14669,5796,5625,14948,12059]
[2021/11/22 17:41:00.014] Demo info: Check for new falling
[2021/11/22 17:41:00.602] Demo info: current {-10%,1h} coins: [3683,14615,14482,3364,12733,5796,14938,1916,11499,12100,13352]
[2021/11/22 17:51:00.017] Demo info: Check for new falling
[2021/11/22 17:51:00.499] Demo info: current {-10%,1h} coins: [14373,14615,4003,8942,14039,3364,11499,14938,5796,4800,12100]
[2021/11/22 18:01:00.005] Demo info: Check for new falling
[2021/11/22 18:01:00.451] Demo info: current {-10%,1h} coins: [14373,14615,11499,3364,14916,14039,14938,5796,5337,12059,13352]
[2021/11/22 18:11:00.013] Demo info: Check for new falling
[2021/11/22 18:11:00.601] Demo info: current {-10%,1h} coins: [14373,11499,14916,3364,14615,5796,5337]
[2021/11/22 18:21:00.013] Demo info: Check for new falling
[2021/11/22 18:21:00.474] Demo info: current {-10%,1h} coins: [14373,14916,11499,3364,5796,5337,10023]
[2021/11/22 18:31:00.017] Demo info: Check for new falling
[2021/11/22 18:31:00.560] Demo info: current {-10%,1h} coins: [4257,14916,11499,3364,5337,12733,14689]
[2021/11/22 18:41:00.015] Demo info: Check for new falling
[2021/11/22 18:41:00.563] Demo info: current {-10%,1h} coins: [14485,11539,14916,7698,14685,12306,5337,14689,14961]
[2021/11/22 18:51:00.014] Demo info: Check for new falling
[2021/11/22 18:51:00.797] Demo info: current {-10%,1h} coins: [14744,14916,14685,12733,5337,12306,1916,14689]
[2021/11/22 19:01:00.028] Demo info: Check for new falling
[2021/11/22 19:01:00.470] Demo info: current {-10%,1h} coins: [1948,14744,14253,12306,14689,12859]
[2021/11/22 19:11:00.010] Demo info: Check for new falling
[2021/11/22 19:11:00.471] Demo info: current {-10%,1h} coins: [14744,14689,14961,12859]
[2021/11/22 19:21:00.013] Demo info: Check for new falling
[2021/11/22 19:21:00.480] Demo info: current {-10%,1h} coins: [14916,1948,14744,12859,5625,14253,14689,2912,4800]
[2021/11/22 19:31:00.027] Demo info: Check for new falling
[2021/11/22 19:31:00.655] Demo info: current {-10%,1h} coins: [14916,14744,12859,5625,2912,14357]
[2021/11/22 19:41:00.008] Demo info: Check for new falling
[2021/11/22 19:41:00.599] Demo info: current {-10%,1h} coins: [14916,14744,5625,5420,12859,2912]
[2021/11/22 19:51:00.007] Demo info: Check for new falling
[2021/11/22 19:51:00.649] Demo info: current {-10%,1h} coins: [14916,5625,10021,2912,14918,12736]
[2021/11/22 20:01:00.009] Demo info: Check for new falling
[2021/11/22 20:01:00.602] Demo info: current {-10%,1h} coins: [14485,14620,11539,14975,5625,12733,10021,14918,2912,10636,12736]
[2021/11/22 20:11:00.009] Demo info: Check for new falling
[2021/11/22 20:11:00.507] Demo info: current {-10%,1h} coins: [9532,14620,14975,12733,4916,2912,10636,14918]
[2021/11/22 20:21:00.016] Demo info: Check for new falling
[2021/11/22 20:21:01.685] Demo info: current {-10%,1h} coins: [2990,14620,14975,2944,9532,12733,4916,14918,7414]
[2021/11/22 20:31:00.018] Demo info: Check for new falling
[2021/11/22 20:31:00.506] Demo info: current {-10%,1h} coins: [14620,2944,14976,14975,1916,14918,3937,12605,7414,12733,12014]
[2021/11/22 20:41:00.014] Demo info: Check for new falling
[2021/11/22 20:41:00.696] Demo info: current {-10%,1h} coins: [2990,14620,2944,3937,9742,11770,12014,14546]
[2021/11/22 20:51:00.003] Demo info: Check for new falling
[2021/11/22 20:51:00.697] Demo info: current {-10%,1h} coins: [14910,14975,2944,11770,10636,3937]
[2021/11/22 21:01:00.019] Demo info: Check for new falling
[2021/11/22 21:01:00.742] Demo info: current {-10%,1h} coins: [14910,14975,2944,11770,10636,3937]
[2021/11/22 21:11:00.006] Demo info: Check for new falling
[2021/11/22 21:11:00.563] Demo info: current {-10%,1h} coins: [14910,14546,2944,14918,11770,8752]
[2021/11/22 21:21:00.009] Demo info: Check for new falling
[2021/11/22 21:21:01.702] Demo info: current {-10%,1h} coins: [14910,11770,14918,12351]
[2021/11/22 21:31:00.008] Demo info: Check for new falling
[2021/11/22 21:31:02.218] Demo info: current {-10%,1h} coins: [14910,4257,14975,5024,11770,14918,14961,8752]
[2021/11/22 21:41:00.007] Demo info: Check for new falling
[2021/11/22 21:41:01.478] Demo info: current {-10%,1h} coins: [14910,14485,5024,11770,11539,9364,14918,14961,11148]
[2021/11/22 21:51:00.011] Demo info: Check for new falling
[2021/11/22 21:51:00.571] Demo info: current {-10%,1h} coins: [2990,5024,12733,11770,14672,9364,14961,13382,14207,11148]
[2021/11/22 22:01:00.014] Demo info: Check for new falling
[2021/11/22 22:01:00.500] Demo info: current {-10%,1h} coins: [5024,12733,14672,11770,14961,8134,13382,11148,10636,14207,14458]
[2021/11/22 22:11:00.015] Demo info: Check for new falling
[2021/11/22 22:11:00.493] Demo info: current {-10%,1h} coins: [5024,14672,14961,11148,14458]
[2021/11/22 22:21:00.018] Demo info: Check for new falling
[2021/11/22 22:21:00.706] Demo info: current {-10%,1h} coins: [14672,5024,14198,11148,14961,8752,12146,14458]
[2021/11/22 22:31:00.007] Demo info: Check for new falling
[2021/11/22 22:31:00.588] Demo info: current {-10%,1h} coins: [14672,14198,14365,8752,11148,13727,14984,12346,14458,4800,11557]
[2021/11/22 22:41:00.020] Demo info: Check for new falling
[2021/11/22 22:41:00.598] Demo info: current {-10%,1h} coins: [14672,14365,14961,14198,8752,11148,12346,14986,14984,14458]
[2021/11/22 22:51:00.016] Demo info: Check for new falling
[2021/11/22 22:51:00.554] Demo info: current {-10%,1h} coins: [14672,14669,14365,14961,14198,14986,11148,9532,14984,12346,14458]
[2021/11/22 23:01:00.004] Demo info: Check for new falling
[2021/11/22 23:01:00.457] Demo info: current {-10%,1h} coins: [14672,14975,14669,14365,14961,14986,14198,8752,13727,12346,9532,14984,12806]
[2021/11/22 23:11:00.014] Demo info: Check for new falling
[2021/11/22 23:11:00.477] Demo info: current {-10%,1h} coins: [3870,14672,14975,14669,14961,14365,14986,14660,14198,14685,12806,12258,14984,9532,12346,12769]
[2021/11/22 23:21:00.014] Demo info: Check for new falling
[2021/11/22 23:21:00.491] Demo info: current {-10%,1h} coins: [3870,14669,14365,14961,14984,14685,12258,14986,14546,9532,4003,12769,9720]
[2021/11/22 23:31:00.011] Demo info: Check for new falling
[2021/11/22 23:31:00.614] Demo info: current {-10%,1h} coins: [3870,14365,14669,14961,4108,14984,14685,5536,12258,12769,4003,14986]
[2021/11/22 23:41:00.002] Demo info: Check for new falling
[2021/11/22 23:41:00.572] Demo info: current {-10%,1h} coins: [14365,14975,14669,14961,14984,4108,12533,12258,11943,12346,5536,12769,4003]
[2021/11/22 23:51:00.007] Demo info: Check for new falling
[2021/11/22 23:51:00.553] Demo info: current {-10%,1h} coins: [14365,14984,4108,12533,14685,12258,10023,12769,2912,12770]
[2021/11/23 00:01:00.002] Demo info: Check for new falling
[2021/11/23 00:01:00.483] Demo info: current {-10%,1h} coins: [14365,4108,14984,12533,14685,12258,10023,12769,8349,2912,14546]
[2021/11/23 00:11:00.008] Demo info: Check for new falling
[2021/11/23 00:11:00.447] Demo info: current {-10%,1h} coins: [3870,14365,8349,14984,12533,10023,14546,2912,12693]
[2021/11/23 00:21:00.004] Demo info: Check for new falling
[2021/11/23 00:21:00.464] Demo info: current {-10%,1h} coins: [14365,14986,8349,12533,14317,14504,12693]
[2021/11/23 00:31:00.003] Demo info: Check for new falling
[2021/11/23 00:31:00.572] Demo info: current {-10%,1h} coins: [14745,14986,14918,8349,12533,4257,14317,14504,12693]
[2021/11/23 00:41:00.009] Demo info: Check for new falling
[2021/11/23 00:41:00.540] Demo info: current {-10%,1h} coins: [13878,14745,14918,8349,14986,14504,14317,8929,12693]
[2021/11/23 00:51:00.014] Demo info: Check for new falling
[2021/11/23 00:51:00.560] Demo info: current {-10%,1h} coins: [14485,14745,13878,14918,14986,8349,10023,14198,11539,14504,14317]
[2021/11/23 01:01:00.008] Demo info: Check for new falling
[2021/11/23 01:01:00.441] Demo info: current {-10%,1h} coins: [12733,14745,13878,14918,9532,8349,14198,14317,14504]
[2021/11/23 01:11:00.006] Demo info: Check for new falling
[2021/11/23 01:11:00.580] Demo info: current {-10%,1h} coins: [12733,14745,13878,14317]
[2021/11/23 01:21:00.017] Demo info: Check for new falling
[2021/11/23 01:21:00.477] Demo info: current {-10%,1h} coins: [14745,12187,14198,14660,13878,14317,11708,11943,12733,9553]
[2021/11/23 01:31:00.017] Demo info: Check for new falling
[2021/11/23 01:31:00.546] Demo info: current {-10%,1h} coins: [14745,12187,14660,14198,9532,14317,13878,11708,9553]
[2021/11/23 01:41:00.010] Demo info: Check for new falling
[2021/11/23 01:41:00.549] Demo info: current {-10%,1h} coins: [12187,14566,14660,14961,14317,9553]
[2021/11/23 01:51:00.005] Demo info: Check for new falling
[2021/11/23 01:51:00.561] Demo info: current {-10%,1h} coins: [14566,14961,14660,9532,14317,11708,14838,12733,14974,14667,9553]
[2021/11/23 02:01:00.007] Demo info: Check for new falling
[2021/11/23 02:01:00.575] Demo info: current {-10%,1h} coins: [14485,14566,5024,12736,14916,12187,14660,14961,14838,14855,11708,14974,14667,4003,9553]
[2021/11/23 02:11:00.013] Demo info: Check for new falling
[2021/11/23 02:11:00.526] Demo info: current {-10%,1h} coins: [14566,5024,12736,14916,12187,14961,14855,14974,4003,14971,9553]
[2021/11/23 02:21:00.012] Demo info: Check for new falling
[2021/11/23 02:21:00.494] Demo info: current {-10%,1h} coins: [12733,14566,13878,14974,14838,14855,14378,14797]
[2021/11/23 02:31:00.013] Demo info: Check for new falling
[2021/11/23 02:31:00.446] Demo info: current {-10%,1h} coins: [12733,13878,14974,14838,10021,14855,14378,14797]
[2021/11/23 02:41:00.013] Demo info: Check for new falling
[2021/11/23 02:41:01.381] Demo info: current {-10%,1h} coins: [12733,14745,14378,14974,10021,13872,13881,14797,12605]
[2021/11/23 02:51:00.003] Demo info: Check for new falling
[2021/11/23 02:51:00.506] Demo info: current {-10%,1h} coins: [14745,13878,14974,10021,14378,14855,13872,1916,5536,14797]
[2021/11/23 03:01:00.002] Demo info: Check for new falling
[2021/11/23 03:01:00.540] Demo info: current {-10%,1h} coins: [14745,14517,10021,14986,14378,5536,8929,13872,14797,14971]
[2021/11/23 03:11:00.018] Demo info: Check for new falling
[2021/11/23 03:11:00.483] Demo info: current {-10%,1h} coins: [14745,14482,14517,14986,10021,14378,14971,14356]
[2021/11/23 03:21:00.008] Demo info: Check for new falling
[2021/11/23 03:21:00.566] Demo info: current {-10%,1h} coins: [14745,14517,14961,10021,14986,14378,14971,4003]
[2021/11/23 03:31:00.006] Demo info: Check for new falling
[2021/11/23 03:31:00.516] Demo info: current {-10%,1h} coins: [2944,14745,14838,14517,14961,14660,5536,14971,14986,8962]
[2021/11/23 03:41:00.015] Demo info: Check for new falling
[2021/11/23 03:41:00.529] Demo info: current {-10%,1h} coins: [14517,2944,14961,14838,14660,14986,5536,14971,14975,9854]
[2021/11/23 03:51:00.006] Demo info: Check for new falling
[2021/11/23 03:51:00.503] Demo info: current {-10%,1h} coins: [14517,2944,14961,14838,14660,14986,5536,14971,14975,9854]
[2021/11/23 04:01:00.014] Demo info: Check for new falling
[2021/11/23 04:01:00.493] Demo info: current {-10%,1h} coins: [12733,2944,14961,14517,14838,14986,14975,14660,14641,13382,4003,13727,10746,14356]
[2021/11/23 04:11:00.011] Demo info: Check for new falling
[2021/11/23 04:11:00.447] Demo info: current {-10%,1h} coins: [12733,2944,14566,3877,14961,14660,14838,14975,13727,14641,13327,4003]
[2021/11/23 04:21:00.009] Demo info: Check for new falling
[2021/11/23 04:21:00.437] Demo info: current {-10%,1h} coins: [12733,2944,14961,14566,14660,14975,14838,14356,13382,2990]
[2021/11/23 04:31:00.015] Demo info: Check for new falling
[2021/11/23 04:31:00.455] Demo info: current {-10%,1h} coins: [12733,14961,14566,14975,2990,14356,9053]
[2021/11/23 04:41:00.002] Demo info: Check for new falling
[2021/11/23 04:41:00.526] Demo info: current {-10%,1h} coins: [14566,12733,14975,14482,2990,14356,9053,14999]
[2021/11/23 04:51:00.015] Demo info: Check for new falling
[2021/11/23 04:51:00.538] Demo info: current {-10%,1h} coins: [14961,14482,14356]
[2021/11/23 05:01:00.005] Demo info: Check for new falling
[2021/11/23 05:01:00.468] Demo info: current {-10%,1h} coins: [14482,14984]
[2021/11/23 05:11:00.010] Demo info: Check for new falling
[2021/11/23 05:11:00.560] Demo info: current {-10%,1h} coins: [2990,1830,14984]
[2021/11/23 05:21:00.011] Demo info: Check for new falling
[2021/11/23 05:21:00.515] Demo info: current {-10%,1h} coins: [9532,14984,1830]
[2021/11/23 05:31:00.010] Demo info: Check for new falling
[2021/11/23 05:31:01.411] Demo info: current {-10%,1h} coins: [9532,14984,1830]
[2021/11/23 05:41:00.016] Demo info: Check for new falling
[2021/11/23 05:41:00.466] Demo info: current {-10%,1h} coins: [12733,14356,14754,14984,1830]
[2021/11/23 05:51:00.002] Demo info: Check for new falling
[2021/11/23 05:51:00.534] Demo info: current {-10%,1h} coins: [14207,14356,2829,1830,3589,11679]
[2021/11/23 06:01:00.013] Demo info: Check for new falling
[2021/11/23 06:01:00.483] Demo info: current {-10%,1h} coins: [14356,14207,13254,14394,1830,9061,3589,11679]
[2021/11/23 06:11:00.002] Demo info: Check for new falling
[2021/11/23 06:11:00.447] Demo info: current {-10%,1h} coins: [2944,14207,14317,14356,2747,11746,14394,14137,9061,13254,11679,3589]
[2021/11/23 06:21:00.006] Demo info: Check for new falling
[2021/11/23 06:21:00.560] Demo info: current {-10%,1h} coins: [2944,2747,14317,14685,14356,14207,11746,12229,14394,13254,14137]
[2021/11/23 06:31:00.005] Demo info: Check for new falling
[2021/11/23 06:31:00.510] Demo info: current {-10%,1h} coins: [11746,14317,2944,14685,14356,14207,12229,9061,15001,13254]
[2021/11/23 06:41:00.013] Demo info: Check for new falling
[2021/11/23 06:41:00.505] Demo info: current {-10%,1h} coins: [14317,14207,14685,11746,9061,15001,14394]
[2021/11/23 06:51:00.017] Demo info: Check for new falling
[2021/11/23 06:51:00.527] Demo info: current {-10%,1h} coins: [14317,11746,15001,14394,4003]
[2021/11/23 07:01:00.013] Demo info: Check for new falling
[2021/11/23 07:01:00.507] Demo info: current {-10%,1h} coins: [14317,11746,9532,15001]
[2021/11/23 07:11:00.016] Demo info: Check for new falling
[2021/11/23 07:11:00.548] Demo info: current {-10%,1h} coins: [14317,7778,14378,3860,15001]
[2021/11/23 07:21:00.019] Demo info: Check for new falling
[2021/11/23 07:21:00.475] Demo info: current {-10%,1h} coins: [9532,14317,14566,11746,7778,14378,3175,3860,7310,14350,2912,13988]
[2021/11/23 07:31:00.019] Demo info: Check for new falling
[2021/11/23 07:31:00.453] Demo info: current {-10%,1h} coins: [9532,14566,7520,3860,7310,2912,14303,7698]
[2021/11/23 07:41:00.020] Demo info: Check for new falling
[2021/11/23 07:41:00.538] Demo info: current {-10%,1h} coins: [14317,14566,14485,7778,3175,7520,3860,7310,14137,2912]
[2021/11/23 07:51:00.014] Demo info: Check for new falling
[2021/11/23 07:51:00.532] Demo info: current {-10%,1h} coins: [14566,11746,7778,12769,7520,3860,2912,13881,12917]
[2021/11/23 08:01:00.012] Demo info: Check for new falling
[2021/11/23 08:01:00.479] Demo info: current {-10%,1h} coins: [14566,14356,7778,12769,7520,10127,12917,2912]
[2021/11/23 08:11:00.020] Demo info: Check for new falling
[2021/11/23 08:11:00.448] Demo info: current {-10%,1h} coins: [14356,14745,8929,5796,12917,2912]
[2021/11/23 08:21:00.012] Demo info: Check for new falling
[2021/11/23 08:21:00.561] Demo info: current {-10%,1h} coins: [7520,14566,14961,14356,14745,12917,3589,5420]
[2021/11/23 08:54:04.566] Demo info: Started
[2021/11/23 08:54:05.174] Demo info: curr fall coins: [14236,14544,14910,14566,14961,14317,14660,14745,11746,14356,8349,12187,14975,13878,2944,12533,14918,14482,5625,13963,14517,12769,14974,13777,13022,5024,11557,7454,7044,9364,12957,12258,3175,14912,14207,11062,14458,14984,14702,14510,14669,12581,4678,13382,14846,5536,12178,14916,14786,11708,14999,14198,14844,3860,14869,14586,14986,12806,9279,14938,13624,5796,2874,3965,13881,12780,12917,3589,3388,14615,8929,14265,3352,13528,12764,14137,12253,6697,13916,7520,14849,10127,14856,15001,14363,14546,14672,11728,10953,13204,14838,14303,10036,12733,6597,12373,14504,10366,8458,1899]
[2021/11/23 09:01:00.014] Demo info: Check for new falling
[2021/11/23 09:01:00.561] Demo info: current {-10%,1h} coins: [14566,14961,14660,14745,5625,14350,9364,7676]
[2021/11/23 09:11:00.022] Demo info: Check for new falling
[2021/11/23 09:11:00.581] Demo info: current {-10%,1h} coins: [14566,14660,14961,14745,5625,14350,9364,1916,7520,13849]
[2021/11/23 09:21:00.011] Demo info: Check for new falling
[2021/11/23 09:21:00.533] Demo info: current {-10%,1h} coins: [14961,14660,14745,5625,14350,9364,12736,12733,1830,7676]
[2021/11/23 09:23:40.179] Demo info: Started
[2021/11/23 09:23:40.691] Demo info: curr fall coins: [14236,14961,14544,14912,14566,14660,14317,14745,14910,14918,14975,14356,12733,8349,12187,2944,12769,13878,11746,12533,14482,5625,14986,14350,14517,3175,13777,14974,13022,5024,13963,7044,4678,7454,11557,12763,14846,12957,9364,11708,12258,5536,13382,14458,14510,14669,11062,12178,14999,14844,14984,12581,14938,3860,14586,12806,2874,13528,12736,13624,14786,13881,9279,3965,14198,5796,3352,8929,3388,12780,12764,13916,10036,12917,14546,14265,14702,7676,13975,14363,1830,6697,13988,14869,14615,12253,14137,7520,14672,14849,14856,10953,14685,11728,3589,13204,14620,14873,14303,14197]
[2021/11/23 09:24:44.927] Demo info: Started
[2021/11/23 09:24:45.536] Demo info: curr fall coins: [14236,14961,14544,14912,14566,14660,14317,14745,14910,14918,14975,14356,12733,8349,12187,2944,12769,13878,11746,12533,14482,5625,14986,14350,14517,13777,14974,13022,3175,5024,13963,7044,4678,7454,11557,12763,14846,12957,9364,5536,12258,11708,13382,14458,14510,14669,11062,12178,14999,14844,14984,12581,14586,14938,12806,3860,13528,12736,2874,13624,14786,13881,14198,3965,5796,9279,3352,12780,8929,12764,14546,10036,12917,14702,3388,14265,13916,7676,13975,14869,6697,1830,14615,13988,14137,14363,12253,14849,7520,14672,14856,10953,14685,11728,13204,3589,14620,14873,14303,12727]
[2021/11/23 09:31:00.015] Demo info: Check for new falling
[2021/11/23 09:31:01.328] Demo info: current {-10%,1h} coins: [14350,1830]
[2021/11/25 11:49:58.391] Demo info: Started
[2021/11/25 11:49:58.954] Demo info: curr fall coins: [12268,15124,5024,12705,15074,15126,15051,13362,14485,15086,2760,2990,14912,15080,15015,5216,14356,14259,12595,14971,15104,4108,14568,15064,14689,5902,8497,14198,15107,14942,5629,13630,10805,2468,2223,14978,14530,15091,3658,15095,14685,9958,14784,14039,1503,14786,5200,15036,12709,14197,14991,8566,15105,3798,14563,13352,2153,13974,15055,14620,5538,14846,5420,3712,14938,8367,14378,10636,11385,14745,1916,12049,15057,5473,14404,14435,14387,11966,14137,12253,6090,12532,15088,14357,12040,15044,15143,12180,15062,8452,5220,13578,14367,12591,4254,14668,12581,12324,14660,12137]
[2021/11/25 11:51:00.010] Demo info: Check for new falling
[2021/11/25 11:51:00.501] Demo info: current {-10%,1h} coins: [14978,12324]
[2021/11/25 12:01:00.008] Demo info: Check for new falling
[2021/11/25 12:01:00.499] Demo info: current {-10%,1h} coins: [12324]
[2021/11/25 12:01:39.569] Demo info: Started
[2021/11/25 12:01:40.136] Demo info: curr fall coins: [12268,5024,2990,3870,15126,15051,15074,13362,14485,15086,14912,14971,7038,5216,14942,2938,14259,14198,15104,4108,2153,15064,14039,14689,15107,13630,14978,14356,14685,14530,15091,15044,13913,14784,9958,14192,14972,1503,14197,12709,3798,14786,15036,9980,8566,14991,15080,15105,15095,8189,14620,7520,14846,14938,12532,5251,13974,3658,14745,14404,10636,14563,12049,13352,11385,11966,5200,14357,14435,10805,5330,5538,15088,14378,6090,5420,12040,12640,14094,14831,14387,13567,14315,14137,12763,10973,15143,8281,13578,15050,15062,13164,15057,12324,12581,12253,13964,12591,14668,14396]
[2021/11/25 15:47:33.394] Demo info: Started
[2021/11/25 15:47:33.972] Demo info: curr fall coins: [11966,12268,5024,15051,15126,14971,15158,15074,14485,13362,3589,14039,14942,15089,14363,14259,9935,14961,8087,14356,5216,4257,14912,13630,14198,14685,14303,15094,2990,14197,14689,14568,14989,14978,14530,14784,15088,15107,15105,9958,14404,12049,14786,14396,11385,12709,2134,14991,15057,12937,7635,15055,5420,13849,6597,14620,14745,14278,15080,2726,5200,14846,14938,14988,8849,3965,13352,14563,15064,15086,15093,12137,11700,10973,8566,14317,14378,11247,15098,15159,14137,14732,8276,14953,12059,5538,12640,8367,7041,13164,13975,7844,5220,15157,11422,4156,14596,4366,2283,14418]
[2021/11/25 15:54:05.200] Demo info: Started
[2021/11/25 15:54:05.754] Demo info: curr fall coins: [11966,12268,5024,15051,15126,14971,15158,14485,15124,13362,3589,15074,14039,15089,14942,9935,8087,14961,5216,4257,14259,13630,14356,14363,14989,14303,14685,14197,14198,14568,14689,14912,15105,14988,14978,14530,14784,2990,15088,15107,15094,14404,9958,12049,14786,14396,6597,11385,14745,15055,2134,14620,5538,15057,13849,5420,12937,14991,10973,14278,7635,12709,8849,15093,2726,3965,14846,15064,15098,3258,14938,15086,12137,15080,14953,14563,11700,14378,11247,5200,5220,14317,14721,14732,8566,8276,14137,15159,13164,2283,4242,7844,8367,13975,14181,13352,4366,15046,15157,12640]
[2021/11/25 16:01:00.014] Demo info: Check for new falling
[2021/11/25 16:01:01.527] Demo info: current {-10%,1h} coins: [15089,9935]
[2021/11/25 16:11:00.018] Demo info: Check for new falling
[2021/11/25 16:11:00.511] Demo info: current {-10%,1h} coins: [9935,15089]
